0 info it worked if it ends with ok
1 verbose cli [ 'node', '/usr/local/bin/npm', 'start' ]
2 info using npm@3.5.3
3 info using node@v0.12.5
4 verbose node symlink /usr/local/bin/node
5 verbose run-script [ 'prestart', 'start', 'poststart' ]
6 info lifecycle GSV-HoF@0.1.0~prestart: GSV-HoF@0.1.0
7 silly lifecycle GSV-HoF@0.1.0~prestart: no script for prestart, continuing
8 info lifecycle GSV-HoF@0.1.0~start: GSV-HoF@0.1.0
9 verbose lifecycle GSV-HoF@0.1.0~start: unsafe-perm in lifecycle true
10 verbose lifecycle GSV-HoF@0.1.0~start: PATH: /usr/local/lib/node_modules/npm/bin/node-gyp-bin:/Users/michaelchen/Documents/Program/Personal Apps/GSV-HoF/node_modules/.bin:/Users/michaelchen/.rbenv/shims:/Users/michaelchen/.rbenv/shims:/Users/michaelchen/.rbenv/shims:/usr/local/bin:/usr/bin:/bin:/usr/sbin:/sbin:/opt/X11/bin
11 verbose lifecycle GSV-HoF@0.1.0~start: CWD: /Users/michaelchen/Documents/Program/Personal Apps/GSV-HoF
12 silly lifecycle GSV-HoF@0.1.0~start: Args: [ '-c', 'node app.js' ]
13 silly lifecycle GSV-HoF@0.1.0~start: Returned: code: 1  signal: null
14 info lifecycle GSV-HoF@0.1.0~start: Failed to exec start script
15 verbose stack Error: GSV-HoF@0.1.0 start: `node app.js`
15 verbose stack Exit status 1
15 verbose stack     at EventEmitter.<anonymous> (/usr/local/lib/node_modules/npm/lib/utils/lifecycle.js:232:16)
15 verbose stack     at EventEmitter.emit (events.js:110:17)
15 verbose stack     at ChildProcess.<anonymous> (/usr/local/lib/node_modules/npm/lib/utils/spawn.js:24:14)
15 verbose stack     at ChildProcess.emit (events.js:110:17)
15 verbose stack     at maybeClose (child_process.js:1015:16)
15 verbose stack     at Process.ChildProcess._handle.onexit (child_process.js:1087:5)
16 verbose pkgid GSV-HoF@0.1.0
17 verbose cwd /Users/michaelchen/Documents/Program/Personal Apps/GSV-HoF
18 error Darwin 15.3.0
19 error argv "node" "/usr/local/bin/npm" "start"
20 error node v0.12.5
21 error npm  v3.5.3
22 error code ELIFECYCLE
23 error GSV-HoF@0.1.0 start: `node app.js`
23 error Exit status 1
24 error Failed at the GSV-HoF@0.1.0 start script 'node app.js'.
24 error Make sure you have the latest version of node.js and npm installed.
24 error If you do, this is most likely a problem with the GSV-HoF package,
24 error not with npm itself.
24 error Tell the author that this fails on your system:
24 error     node app.js
24 error You can get information on how to open an issue for this project with:
24 error     npm bugs GSV-HoF
24 error Or if that isn't available, you can get their info via:
24 error     npm owner ls GSV-HoF
24 error There is likely additional logging output above.
25 verbose exit [ 1, true ]
